<?xml version="1.0" encoding="UTF-8"?>
<!-- Generated by org.testng.reporters.JUnitReportReporter -->
<testsuite skipped="0" hostname="JPCs-MacBook-Pro.local" name="com.sample.NewTest" tests="4" failures="0" timestamp="10 Jan 2019 09:49:48 GMT" time="28.253" errors="0">
  <testcase name="TC002_SignUp" time="8.565" classname="com.sample.NewTest"/>
  <testcase name="TC003_SignIn" time="13.465" classname="com.sample.NewTest"/>
  <testcase name="TC001_LogInScreen" time="0.473" classname="com.sample.NewTest"/>
  <testcase name="TC004_LearnMore" time="5.750" classname="com.sample.NewTest"/>
</testsuite> <!-- com.sample.NewTest -->
