<?xml version="1.0" encoding="UTF-8"?>
<!-- Generated by org.testng.reporters.JUnitReportReporter -->
<testsuite skipped="0" hostname="JPCs-MacBook-Pro.local" name="com.sample.NewTest" tests="4" failures="0" timestamp="13 Jan 2019 08:14:27 GMT" time="52.105" errors="0">
  <testcase name="TC001_LogInScreen" time="4.245" classname="com.sample.NewTest"/>
  <testcase name="TC002_SignUp" time="18.098" classname="com.sample.NewTest"/>
  <testcase name="TC004_SignIn" time="25.219" classname="com.sample.NewTest"/>
  <testcase name="TC003_LearnMore" time="4.543" classname="com.sample.NewTest"/>
</testsuite> <!-- com.sample.NewTest -->
