<?xml version="1.0" encoding="UTF-8"?>
<!-- Generated by org.testng.reporters.JUnitReportReporter -->
<testsuite skipped="0" hostname="JPCs-MacBook-Pro.local" name="com.sample.SignInTest" tests="3" failures="0" timestamp="29 Jan 2019 15:09:29 GMT" time="43.044" errors="0">
  <testcase name="LearnMore" time="8.649" classname="com.sample.SignInTest"/>
  <testcase name="LogInPage" time="3.144" classname="com.sample.SignInTest"/>
  <testcase name="SignIn" time="31.251" classname="com.sample.SignInTest"/>
</testsuite> <!-- com.sample.SignInTest -->
