<?xml version="1.0" encoding="UTF-8"?>
<!-- Generated by org.testng.reporters.JUnitReportReporter -->
<testsuite skipped="0" hostname="JPCs-MBP" name="com.sample.NewTest" tests="4" failures="0" timestamp="16 Jan 2019 10:01:27 GMT" time="66.783" errors="0">
  <testcase name="LearnMorePageTest" time="23.140" classname="com.sample.NewTest"/>
  <testcase name="SignInTest" time="23.945" classname="com.sample.NewTest"/>
  <testcase name="LogInPageTest" time="3.388" classname="com.sample.NewTest"/>
  <testcase name="SignUpTest" time="16.310" classname="com.sample.NewTest"/>
</testsuite> <!-- com.sample.NewTest -->
