<?xml version="1.0" encoding="UTF-8"?>
<!-- Generated by org.testng.reporters.JUnitReportReporter -->
<testsuite skipped="0" hostname="JPCs-MBP" name="com.sample.NewTest" tests="4" failures="0" timestamp="09 Jan 2019 08:09:13 GMT" time="29.088" errors="0">
  <testcase name="TC002_SignUp" time="13.738" classname="com.sample.NewTest"/>
  <testcase name="TC003_SignIn" time="10.741" classname="com.sample.NewTest"/>
  <testcase name="TC001_LogInScreen" time="0.542" classname="com.sample.NewTest"/>
  <testcase name="TC004_LearnMore" time="4.067" classname="com.sample.NewTest"/>
</testsuite> <!-- com.sample.NewTest -->
