<?xml version="1.0" encoding="UTF-8"?>
<!-- Generated by org.testng.reporters.JUnitReportReporter -->
<testsuite skipped="0" hostname="JPCs-MacBook-Pro.local" name="com.sample.NewTest" tests="4" failures="0" timestamp="10 Jan 2019 10:43:47 GMT" time="30.416" errors="0">
  <testcase name="TC004_LearnMore" time="6.127" classname="com.sample.NewTest"/>
  <testcase name="TC003_SignIn" time="14.399" classname="com.sample.NewTest"/>
  <testcase name="TC002_SignUp" time="9.381" classname="com.sample.NewTest"/>
  <testcase name="TC001_LogInScreen" time="0.509" classname="com.sample.NewTest"/>
</testsuite> <!-- com.sample.NewTest -->
