<?xml version="1.0" encoding="UTF-8"?>
<!-- Generated by org.testng.reporters.JUnitReportReporter -->
<testsuite skipped="0" hostname="JPCs-MacBook-Pro.local" name="com.sample.NewTest" tests="4" failures="0" timestamp="13 Jan 2019 12:17:04 GMT" time="53.309" errors="0">
  <testcase name="TC001_LogInScreen" time="3.525" classname="com.sample.NewTest"/>
  <testcase name="TC003_LearnMore" time="9.753" classname="com.sample.NewTest"/>
  <testcase name="TC002_SignUp" time="18.848" classname="com.sample.NewTest"/>
  <testcase name="TC004_SignIn" time="21.183" classname="com.sample.NewTest"/>
</testsuite> <!-- com.sample.NewTest -->
